android/app/build/outputs/logs/manifest-merger-debug-report.txt
-- Merging decision tree log ---
manifest
ADDED from src/main/AndroidManifest.xml:1:1-26:12
	package
		ADDED from src/main/AndroidManifest.xml:2:5-36
		INJECTED from src/main/AndroidManifest.xml
		INJECTED from src/main/AndroidManifest.xml
	android:versionName
		INJECTED from src/main/AndroidManifest.xml
		INJECTED from src/main/AndroidManifest.xml
	xmlns:android
		ADDED from src/main/AndroidManifest.xml:1:11-69
	android:versionCode
		INJECTED from src/main/AndroidManifest.xml
		INJECTED from src/main/AndroidManifest.xml
uses-permission#android.permission.INTERNET
ADDED from src/main/AndroidManifest.xml:4:5-67
	android:name
		ADDED from src/main/AndroidManifest.xml:4:22-64
uses-permission#android.permission.SYSTEM_ALERT_WINDOW
ADDED from src/main/AndroidManifest.xml:5:5-77
MERGED from [com.facebook.react:react-native:0.55.4] AndroidManifest.xml:11:5-78
	android:name
		ADDED from src/main/AndroidManifest.xml:5:22-75
application
ADDED from src/main/AndroidManifest.xml:7:5-24:19
MERGED from [OnlineBackgrounds:react-native-background-task:unspecified] AndroidManifest.xml:11:5-15:19
MERGED from [com.evernote:android-job:1.1.11] AndroidManifest.xml:16:5-58:19
MERGED from [OnlineBackgrounds:react-native-wallpaper-manager:unspecified] AndroidManifest.xml:13:5-17:19
MERGED from [com.facebook.react:react-native:0.55.4] AndroidManifest.xml:13:5-20
MERGED from [com.android.support:appcompat-v7:23.0.1] AndroidManifest.xml:22:5-20
MERGED from [com.android.support:support-v4:25.2.0] AndroidManifest.xml:25:5-20
MERGED from [com.android.support:support-fragment:25.2.0] AndroidManifest.xml:25:5-20
MERGED from [com.android.support:support-media-compat:25.2.0] AndroidManifest.xml:25:5-20
MERGED from [com.android.support:support-core-ui:25.2.0] AndroidManifest.xml:25:5-20
MERGED from [com.android.support:support-core-utils:25.2.0] AndroidManifest.xml:25:5-20
MERGED from [com.android.support:support-compat:25.2.0] AndroidManifest.xml:25:5-20
MERGED from [com.facebook.soloader:soloader:0.1.0] AndroidManifest.xml:3:3-17
MERGED from [org.webkit:android-jsc:r174650] AndroidManifest.xml:2:3-17
	android:label
		ADDED from src/main/AndroidManifest.xml:9:7-39
	tools:ignore
		ADDED from [com.evernote:android-job:1.1.11] AndroidManifest.xml:16:18-44
	android:allowBackup
		ADDED from src/main/AndroidManifest.xml:11:7-34
	android:icon
		ADDED from src/main/AndroidManifest.xml:10:7-41
	android:theme
		ADDED from src/main/AndroidManifest.xml:12:7-38
	android:name
		ADDED from src/main/AndroidManifest.xml:8:7-38
activity#com.onlinebackgrounds.MainActivity
ADDED from src/main/AndroidManifest.xml:13:7-22:18
	android:label
		ADDED from src/main/AndroidManifest.xml:15:9-41
	android:windowSoftInputMode
		ADDED from src/main/AndroidManifest.xml:17:9-51
	android:configChanges
		ADDED from src/main/AndroidManifest.xml:16:9-79
	android:name
		ADDED from src/main/AndroidManifest.xml:14:9-37
intent-filter#android.intent.action.MAIN+android.intent.category.LAUNCHER
ADDED from src/main/AndroidManifest.xml:18:9-21:25
action#android.intent.action.MAIN
ADDED from src/main/AndroidManifest.xml:19:13-65
	android:name
		ADDED from src/main/AndroidManifest.xml:19:21-62
category#android.intent.category.LAUNCHER
ADDED from src/main/AndroidManifest.xml:20:13-73
	android:name
		ADDED from src/main/AndroidManifest.xml:20:23-70
activity#com.facebook.react.devsupport.DevSettingsActivity
ADDED from src/main/AndroidManifest.xml:23:7-84
	android:name
		ADDED from src/main/AndroidManifest.xml:23:17-81
uses-sdk
INJECTED from src/main/AndroidManifest.xml reason: use-sdk injection requested
MERGED from [OnlineBackgrounds:react-native-background-timer:unspecified] AndroidManifest.xml:7:5-9:41
MERGED from [OnlineBackgrounds:react-native-wheel-picker-android:unspecified] AndroidManifest.xml:7:5-9:41
MERGED from [cn.aigestudio.wheelpicker:WheelPicker:1.1.2] AndroidManifest.xml:8:5-10:41
MERGED from [OnlineBackgrounds:react-native-background-task:unspecified] AndroidManifest.xml:7:5-9:41
MERGED from [com.evernote:android-job:1.1.11] AndroidManifest.xml:8:5-10:41
MERGED from [net.vrallev.android:cat:1.0.5] AndroidManifest.xml:7:5-9:41
MERGED from [OnlineBackgrounds:react-native-wallpaper-manager:unspecified] AndroidManifest.xml:7:5-9:41
MERGED from [com.facebook.react:react-native:0.55.4] AndroidManifest.xml:7:5-9:41
MERGED from [com.android.support:appcompat-v7:23.0.1] AndroidManifest.xml:20:5-43
MERGED from [com.android.support:support-v4:25.2.0] AndroidManifest.xml:21:5-23:54
MERGED from [com.android.support:support-fragment:25.2.0] AndroidManifest.xml:21:5-23:60
MERGED from [com.android.support:support-media-compat:25.2.0] AndroidManifest.xml:21:5-23:63
MERGED from [com.android.support:support-core-ui:25.2.0] AndroidManifest.xml:21:5-23:58
MERGED from [com.android.support:support-core-utils:25.2.0] AndroidManifest.xml:21:5-23:61
MERGED from [com.android.support:support-compat:25.2.0] AndroidManifest.xml:21:5-23:58
MERGED from [com.facebook.fbui.textlayoutbuilder:textlayoutbuilder:1.0.0] AndroidManifest.xml:14:5-16:41
MERGED from [com.facebook.fresco:fresco:1.3.0] AndroidManifest.xml:5:5-7:41
MERGED from [com.facebook.fresco:drawee:1.3.0] AndroidManifest.xml:5:5-7:41
MERGED from [com.facebook.fresco:imagepipeline-okhttp3:1.3.0] AndroidManifest.xml:5:5-7:41
MERGED from [com.facebook.fresco:imagepipeline:1.3.0] AndroidManifest.xml:5:5-7:41
MERGED from [com.facebook.fresco:imagepipeline-base:1.3.0] AndroidManifest.xml:5:5-7:41
MERGED from [com.facebook.fresco:fbcore:1.3.0] AndroidManifest.xml:5:5-7:41
MERGED from [com.facebook.soloader:soloader:0.1.0] AndroidManifest.xml:2:3-70
	tools:overrideLibrary
		ADDED from [com.android.support:support-v4:25.2.0] AndroidManifest.xml:23:9-51
	android:targetSdkVersion
		INJECTED from src/main/AndroidManifest.xml
		INJECTED from src/main/AndroidManifest.xml
	android:minSdkVersion
		INJECTED from src/main/AndroidManifest.xml
		INJECTED from src/main/AndroidManifest.xml
service#com.jamesisaac.rnbackgroundtask.HeadlessTaskService
ADDED from [OnlineBackgrounds:react-native-background-task:unspecified] AndroidManifest.xml:12:9-14:38
	android:enabled
		ADDED from [OnlineBackgrounds:react-native-background-task:unspecified] AndroidManifest.xml:14:13-35
	android:name
		ADDED from [OnlineBackgrounds:react-native-background-task:unspecified] AndroidManifest.xml:13:13-79
uses-permission#android.permission.WAKE_LOCK
ADDED from [com.evernote:android-job:1.1.11] AndroidManifest.xml:12:5-68
	android:name
		ADDED from [com.evernote:android-job:1.1.11] AndroidManifest.xml:12:22-65
uses-permission#android.permission.ACCESS_NETWORK_STATE
ADDED from [com.evernote:android-job:1.1.11] AndroidManifest.xml:13:5-79
	android:name
		ADDED from [com.evernote:android-job:1.1.11] AndroidManifest.xml:13:22-76
uses-permission#android.permission.RECEIVE_BOOT_COMPLETED
ADDED from [com.evernote:android-job:1.1.11] AndroidManifest.xml:14:5-81
	android:name
		ADDED from [com.evernote:android-job:1.1.11] AndroidManifest.xml:14:22-78
service#com.evernote.android.job.v21.PlatformJobService
ADDED from [com.evernote:android-job:1.1.11] AndroidManifest.xml:17:9-20:72
	android:exported
		ADDED from [com.evernote:android-job:1.1.11] AndroidManifest.xml:19:13-37
	android:permission
		ADDED from [com.evernote:android-job:1.1.11] AndroidManifest.xml:20:13-69
	android:name
		ADDED from [com.evernote:android-job:1.1.11] AndroidManifest.xml:18:13-75
service#com.evernote.android.job.v14.PlatformAlarmService
ADDED from [com.evernote:android-job:1.1.11] AndroidManifest.xml:21:9-23:40
	android:exported
		ADDED from [com.evernote:android-job:1.1.11] AndroidManifest.xml:23:13-37
	android:name
		ADDED from [com.evernote:android-job:1.1.11] AndroidManifest.xml:22:13-77
receiver#com.evernote.android.job.v14.PlatformAlarmReceiver
ADDED from [com.evernote:android-job:1.1.11] AndroidManifest.xml:25:9-34:20
	android:exported
		ADDED from [com.evernote:android-job:1.1.11] AndroidManifest.xml:27:13-37
	android:name
		ADDED from [com.evernote:android-job:1.1.11] AndroidManifest.xml:26:13-78
intent-filter#com.evernote.android.job.v14.RUN_JOB+net.vrallev.android.job.v14.RUN_JOB
ADDED from [com.evernote:android-job:1.1.11] AndroidManifest.xml:28:13-33:29
action#com.evernote.android.job.v14.RUN_JOB
ADDED from [com.evernote:android-job:1.1.11] AndroidManifest.xml:31:17-79
	android:name
		ADDED from [com.evernote:android-job:1.1.11] AndroidManifest.xml:31:25-76
action#net.vrallev.android.job.v14.RUN_JOB
ADDED from [com.evernote:android-job:1.1.11] AndroidManifest.xml:32:17-78
	android:name
		ADDED from [com.evernote:android-job:1.1.11] AndroidManifest.xml:32:25-75
receiver#com.evernote.android.job.JobBootReceiver
ADDED from [com.evernote:android-job:1.1.11] AndroidManifest.xml:35:9-44:20
	android:exported
		ADDED from [com.evernote:android-job:1.1.11] AndroidManifest.xml:37:13-37
	android:name
		ADDED from [com.evernote:android-job:1.1.11] AndroidManifest.xml:36:13-68
intent-filter#android.intent.action.BOOT_COMPLETED+android.intent.action.MY_PACKAGE_REPLACED+android.intent.action.QUICKBOOT_POWERON+com.htc.intent.action.QUICKBOOT_POWERON
ADDED from [com.evernote:android-job:1.1.11] AndroidManifest.xml:38:13-43:29
action#android.intent.action.BOOT_COMPLETED
ADDED from [com.evernote:android-job:1.1.11] AndroidManifest.xml:39:17-79
	android:name
		ADDED from [com.evernote:android-job:1.1.11] AndroidManifest.xml:39:25-76
action#android.intent.action.QUICKBOOT_POWERON
ADDED from [com.evernote:android-job:1.1.11] AndroidManifest.xml:40:17-82
	android:name
		ADDED from [com.evernote:android-job:1.1.11] AndroidManifest.xml:40:25-79
action#com.htc.intent.action.QUICKBOOT_POWERON
ADDED from [com.evernote:android-job:1.1.11] AndroidManifest.xml:41:17-82
	android:name
		ADDED from [com.evernote:android-job:1.1.11] AndroidManifest.xml:41:25-79
action#android.intent.action.MY_PACKAGE_REPLACED
ADDED from [com.evernote:android-job:1.1.11] AndroidManifest.xml:42:17-84
	android:name
		ADDED from [com.evernote:android-job:1.1.11] AndroidManifest.xml:42:25-81
service#com.evernote.android.job.gcm.PlatformGcmService
ADDED from [com.evernote:android-job:1.1.11] AndroidManifest.xml:46:9-54:19
	android:enabled
		ADDED from [com.evernote:android-job:1.1.11] AndroidManifest.xml:48:13-36
	android:exported
		ADDED from [com.evernote:android-job:1.1.11] AndroidManifest.xml:49:13-36
	android:permission
		ADDED from [com.evernote:android-job:1.1.11] AndroidManifest.xml:50:13-93
	android:name
		ADDED from [com.evernote:android-job:1.1.11] AndroidManifest.xml:47:13-75
intent-filter#com.google.android.gms.gcm.ACTION_TASK_READY
ADDED from [com.evernote:android-job:1.1.11] AndroidManifest.xml:51:13-53:29
action#com.google.android.gms.gcm.ACTION_TASK_READY
ADDED from [com.evernote:android-job:1.1.11] AndroidManifest.xml:52:17-87
	android:name
		ADDED from [com.evernote:android-job:1.1.11] AndroidManifest.xml:52:25-84
service#com.evernote.android.job.JobRescheduleService
ADDED from [com.evernote:android-job:1.1.11] AndroidManifest.xml:55:9-57:40
	android:exported
		ADDED from [com.evernote:android-job:1.1.11] AndroidManifest.xml:57:13-37
	android:name
		ADDED from [com.evernote:android-job:1.1.11] AndroidManifest.xml:56:13-73
uses-permission#android.permission.SET_WALLPAPER
ADDED from [OnlineBackgrounds:react-native-wallpaper-manager:unspecified] AndroidManifest.xml:11:5-72
	android:name
		ADDED from [OnlineBackgrounds:react-native-wallpaper-manager:unspecified] AndroidManifest.xml:11:22-69
meta-data#com.cunyutech.hollyliu.reactnative.wallpaper.MyGlideModule
ADDED from [OnlineBackgrounds:react-native-wallpaper-manager:unspecified] AndroidManifest.xml:14:9-16:43
	android:value
		ADDED from [OnlineBackgrounds:react-native-wallpaper-manager:unspecified] AndroidManifest.xml:16:13-40
	android:name
		ADDED from [OnlineBackgrounds:react-native-wallpaper-manager:unspecified] AndroidManifest.xml:15:13-86
android:uses-permission#android.permission.WRITE_EXTERNAL_STORAGE
IMPLIED from src/main/AndroidManifest.xml:1:1-26:12 reason: org.webkit.android_jsc has a targetSdkVersion < 4
android:uses-permission#android.permission.READ_PHONE_STATE
IMPLIED from src/main/AndroidManifest.xml:1:1-26:12 reason: org.webkit.android_jsc has a targetSdkVersion < 4
android:uses-permission#android.permission.READ_EXTERNAL_STORAGE
IMPLIED from src/main/AndroidManifest.xml:1:1-26:12 reason: org.webkit.android_jsc requested WRITE_EXTERNAL_STORAGE